1507208320361	geckodriver	INFO	geckodriver 0.19.0
1507208320375	geckodriver	INFO	Listening on 127.0.0.1:51901
1507208321413	mozrunner::runner	INFO	Running command: "/Applications/Firefox.app/Contents/MacOS/firefox-bin" "-marionette" "-profile" "/var/folders/lz/3x9qb2zx0g3d7_mqr6sjwwbw0000gn/T/rust_mozprofile.3xJ1ZOnHKpT4"
1507208321785	addons.xpi	WARN	Error parsing extensions state: [Exception... "Component returned failure code: 0x80520012 (NS_ERROR_FILE_NOT_FOUND) [amIAddonManagerStartup.readStartupData]"  nsresult: "0x80520012 (NS_ERROR_FILE_NOT_FOUND)"  location: "JS frame :: resource://gre/modules/addons/XPIProvider.jsm :: loadExtensionState :: line 1554"  data: no] Stack trace: loadExtensionState()@resource://gre/modules/addons/XPIProvider.jsm:1554 < getInstallState()@resource://gre/modules/addons/XPIProvider.jsm:1589 < checkForChanges()@resource://gre/modules/addons/XPIProvider.jsm:3109 < startup()@resource://gre/modules/addons/XPIProvider.jsm:2188 < callProvider()@resource://gre/modules/AddonManager.jsm:269 < _startProvider()@resource://gre/modules/AddonManager.jsm:739 < startup()@resource://gre/modules/AddonManager.jsm:906 < startup()@resource://gre/modules/AddonManager.jsm:3090 < observe()@jar:file:///Applications/Firefox.app/Contents/Resources/omni.ja!/components/addonManager.js:65
1507208322144	Marionette	INFO	Enabled via --marionette
2017-10-05 08:58:43.139 plugin-container[1206:41272] *** CFMessagePort: bootstrap_register(): failed 1100 (0x44c) 'Permission denied', port = 0xa13f, name = 'com.apple.tsm.portname'
See /usr/include/servers/bootstrap_defs.h for the error codes.
2017-10-05 08:58:43.139 plugin-container[1206:41272] *** CFMessagePort: bootstrap_register(): failed 1100 (0x44c) 'Permission denied', port = 0xa217, name = 'com.apple.CFPasteboardClient'
See /usr/include/servers/bootstrap_defs.h for the error codes.
2017-10-05 08:58:43.140 plugin-container[1206:41272] void __CFPasteboardSetup() : Failed to allocate communication port for com.apple.CFPasteboardClient; this is likely due to sandbox restrictions
1507208323630	Marionette	INFO	Listening on port 51912
1507208323705	Marionette	WARN	TLS certificate errors will be ignored for this session
1507208323746	Marionette	DEBUG	Register listener.js for window 2147483649
1507208323764	Marionette	DEBUG	Received DOM event "beforeunload" for "about:blank"
1507208324836	Marionette	DEBUG	Received DOM event "pagehide" for "about:blank"
1507208324837	Marionette	DEBUG	Received DOM event "unload" for "about:blank"
JavaScript error: https://static.licdn.com/scds/concat/common/js?h=3kp2aedn5pmamdr4dk4n8atur-3ti5bgrnb6idjtk0w4chaigxe-5hqr1i1uoezoj0z1s5gcxojf2-71o37tcjwl0ishto9izvyml3i-3bbdjshpw5ov0rwa8xe08tp97-cayct4cirf7n0f9z1xsg84g0q-dktkawxk7k8pixuh5g8z5ku32-213zbp2wzp99lviwl8g2cvq6i-1lknwtftishpdmobzm413yc7u-bcxa0v9ke411pjpmz4s239f9b-3ti7256qpio9gkb1m7ftci4rt-c6ct0moql4p4ngtzltmf8l3ly-2s77lcl0ztx2c5fzyqvglptj1-bn7x20my6ejwhlgl10oqmhgst-8h514j3fiwnzuwkt66sbxsu8f-di2z9sra5co9la7ogqyesywin, line 53: TypeError: c is null
1507208325563	Marionette	DEBUG	Received DOM event "DOMContentLoaded" for "https://www.linkedin.com/jobs/?trk=jobs-home-jobsfe-redirect"
1507208326216	Marionette	DEBUG	Received DOM event "pageshow" for "https://www.linkedin.com/jobs/?trk=jobs-home-jobsfe-redirect"
1507208483653	geckodriver	INFO	geckodriver 0.19.0
1507208483660	geckodriver	INFO	Listening on 127.0.0.1:52847
1507208484731	mozrunner::runner	INFO	Running command: "/Applications/Firefox.app/Contents/MacOS/firefox-bin" "-marionette" "-profile" "/var/folders/lz/3x9qb2zx0g3d7_mqr6sjwwbw0000gn/T/rust_mozprofile.Mc2YUMrLOmHF"
1507208484994	addons.xpi	WARN	Error parsing extensions state: [Exception... "Component returned failure code: 0x80520012 (NS_ERROR_FILE_NOT_FOUND) [amIAddonManagerStartup.readStartupData]"  nsresult: "0x80520012 (NS_ERROR_FILE_NOT_FOUND)"  location: "JS frame :: resource://gre/modules/addons/XPIProvider.jsm :: loadExtensionState :: line 1554"  data: no] Stack trace: loadExtensionState()@resource://gre/modules/addons/XPIProvider.jsm:1554 < getInstallState()@resource://gre/modules/addons/XPIProvider.jsm:1589 < checkForChanges()@resource://gre/modules/addons/XPIProvider.jsm:3109 < startup()@resource://gre/modules/addons/XPIProvider.jsm:2188 < callProvider()@resource://gre/modules/AddonManager.jsm:269 < _startProvider()@resource://gre/modules/AddonManager.jsm:739 < startup()@resource://gre/modules/AddonManager.jsm:906 < startup()@resource://gre/modules/AddonManager.jsm:3090 < observe()@jar:file:///Applications/Firefox.app/Contents/Resources/omni.ja!/components/addonManager.js:65
1507208485335	Marionette	INFO	Enabled via --marionette
2017-10-05 09:01:26.387 plugin-container[1251:44083] *** CFMessagePort: bootstrap_register(): failed 1100 (0x44c) 'Permission denied', port = 0xa23f, name = 'com.apple.tsm.portname'
See /usr/include/servers/bootstrap_defs.h for the error codes.
2017-10-05 09:01:26.387 plugin-container[1251:44083] *** CFMessagePort: bootstrap_register(): failed 1100 (0x44c) 'Permission denied', port = 0xa327, name = 'com.apple.CFPasteboardClient'
See /usr/include/servers/bootstrap_defs.h for the error codes.
2017-10-05 09:01:26.387 plugin-container[1251:44083] void __CFPasteboardSetup() : Failed to allocate communication port for com.apple.CFPasteboardClient; this is likely due to sandbox restrictions
1507208486763	Marionette	INFO	Listening on port 52858
1507208486983	Marionette	WARN	TLS certificate errors will be ignored for this session
1507208487043	Marionette	DEBUG	Register listener.js for window 2147483649
1507208487116	Marionette	DEBUG	Received DOM event "beforeunload" for "about:blank"
1507208488199	Marionette	DEBUG	Received DOM event "pagehide" for "about:blank"
1507208488199	Marionette	DEBUG	Received DOM event "unload" for "about:blank"
JavaScript error: https://static.licdn.com/scds/concat/common/js?h=3kp2aedn5pmamdr4dk4n8atur-3ti5bgrnb6idjtk0w4chaigxe-5hqr1i1uoezoj0z1s5gcxojf2-71o37tcjwl0ishto9izvyml3i-3bbdjshpw5ov0rwa8xe08tp97-cayct4cirf7n0f9z1xsg84g0q-dktkawxk7k8pixuh5g8z5ku32-213zbp2wzp99lviwl8g2cvq6i-1lknwtftishpdmobzm413yc7u-bcxa0v9ke411pjpmz4s239f9b-3ti7256qpio9gkb1m7ftci4rt-c6ct0moql4p4ngtzltmf8l3ly-2s77lcl0ztx2c5fzyqvglptj1-bn7x20my6ejwhlgl10oqmhgst-8h514j3fiwnzuwkt66sbxsu8f-di2z9sra5co9la7ogqyesywin, line 53: TypeError: c is null
1507208488924	Marionette	DEBUG	Received DOM event "DOMContentLoaded" for "https://www.linkedin.com/jobs/?trk=jobs-home-jobsfe-redirect"
1507208489554	Marionette	DEBUG	Received DOM event "pageshow" for "https://www.linkedin.com/jobs/?trk=jobs-home-jobsfe-redirect"
1507208557266	Marionette	DEBUG	Register listener.js for window 4294967297
2017-10-05 09:02:37.355 plugin-container[1261:44872] *** CFMessagePort: bootstrap_register(): failed 1100 (0x44c) 'Permission denied', port = 0xa23f, name = 'com.apple.tsm.portname'
See /usr/include/servers/bootstrap_defs.h for the error codes.
2017-10-05 09:02:37.355 plugin-container[1261:44872] *** CFMessagePort: bootstrap_register(): failed 1100 (0x44c) 'Permission denied', port = 0xa41f, name = 'com.apple.CFPasteboardClient'
See /usr/include/servers/bootstrap_defs.h for the error codes.
2017-10-05 09:02:37.355 plugin-container[1261:44872] void __CFPasteboardSetup() : Failed to allocate communication port for com.apple.CFPasteboardClient; this is likely due to sandbox restrictions
1507208566165	Marionette	DEBUG	Register listener.js for window 6442450945
2017-10-05 09:02:46.244 plugin-container[1263:45133] *** CFMessagePort: bootstrap_register(): failed 1100 (0x44c) 'Permission denied', port = 0xa03f, name = 'com.apple.tsm.portname'
See /usr/include/servers/bootstrap_defs.h for the error codes.
2017-10-05 09:02:46.245 plugin-container[1263:45133] *** CFMessagePort: bootstrap_register(): failed 1100 (0x44c) 'Permission denied', port = 0xa123, name = 'com.apple.CFPasteboardClient'
See /usr/include/servers/bootstrap_defs.h for the error codes.
2017-10-05 09:02:46.245 plugin-container[1263:45133] void __CFPasteboardSetup() : Failed to allocate communication port for com.apple.CFPasteboardClient; this is likely due to sandbox restrictions
JavaScript warning: resource://gre/modules/commonjs/toolkit/loader.js -> resource://devtools/client/shared/demangle.js, line 0: Successfully compiled asm.js code (total compilation time 76ms; unable to cache asm.js in synchronous scripts; try loading asm.js via <script async> or createElement('script'))
console.error: 
  Protocol error (noSuchActor): No such actor for ID: server1.conn0.child1/memoryActor12
JavaScript error: resource://gre/modules/commonjs/toolkit/loader.js -> resource://devtools/client/netmonitor/src/connector/firefox-connector.js, line 92: TypeError: this.tabTarget is null
1507208880681	geckodriver	INFO	geckodriver 0.19.0
1507208880691	geckodriver	INFO	Listening on 127.0.0.1:54934
1507208881754	mozrunner::runner	INFO	Running command: "/Applications/Firefox.app/Contents/MacOS/firefox-bin" "-marionette" "-profile" "/var/folders/lz/3x9qb2zx0g3d7_mqr6sjwwbw0000gn/T/rust_mozprofile.NGoLq9DpfaD0"
1507208881988	addons.xpi	WARN	Error parsing extensions state: [Exception... "Component returned failure code: 0x80520012 (NS_ERROR_FILE_NOT_FOUND) [amIAddonManagerStartup.readStartupData]"  nsresult: "0x80520012 (NS_ERROR_FILE_NOT_FOUND)"  location: "JS frame :: resource://gre/modules/addons/XPIProvider.jsm :: loadExtensionState :: line 1554"  data: no] Stack trace: loadExtensionState()@resource://gre/modules/addons/XPIProvider.jsm:1554 < getInstallState()@resource://gre/modules/addons/XPIProvider.jsm:1589 < checkForChanges()@resource://gre/modules/addons/XPIProvider.jsm:3109 < startup()@resource://gre/modules/addons/XPIProvider.jsm:2188 < callProvider()@resource://gre/modules/AddonManager.jsm:269 < _startProvider()@resource://gre/modules/AddonManager.jsm:739 < startup()@resource://gre/modules/AddonManager.jsm:906 < startup()@resource://gre/modules/AddonManager.jsm:3090 < observe()@jar:file:///Applications/Firefox.app/Contents/Resources/omni.ja!/components/addonManager.js:65
1507208882340	Marionette	INFO	Enabled via --marionette
2017-10-05 09:08:03.398 plugin-container[1346:49861] *** CFMessagePort: bootstrap_register(): failed 1100 (0x44c) 'Permission denied', port = 0xa23f, name = 'com.apple.tsm.portname'
See /usr/include/servers/bootstrap_defs.h for the error codes.
2017-10-05 09:08:03.399 plugin-container[1346:49861] *** CFMessagePort: bootstrap_register(): failed 1100 (0x44c) 'Permission denied', port = 0xa41f, name = 'com.apple.CFPasteboardClient'
See /usr/include/servers/bootstrap_defs.h for the error codes.
2017-10-05 09:08:03.399 plugin-container[1346:49861] void __CFPasteboardSetup() : Failed to allocate communication port for com.apple.CFPasteboardClient; this is likely due to sandbox restrictions
1507208883748	Marionette	INFO	Listening on port 54945
1507208883840	Marionette	WARN	TLS certificate errors will be ignored for this session
1507208883879	Marionette	DEBUG	Register listener.js for window 2147483649
1507208883900	Marionette	DEBUG	Received DOM event "beforeunload" for "about:blank"
1507208884938	Marionette	DEBUG	Received DOM event "pagehide" for "about:blank"
1507208884938	Marionette	DEBUG	Received DOM event "unload" for "about:blank"
JavaScript error: https://static.licdn.com/scds/concat/common/js?h=3kp2aedn5pmamdr4dk4n8atur-3ti5bgrnb6idjtk0w4chaigxe-5hqr1i1uoezoj0z1s5gcxojf2-71o37tcjwl0ishto9izvyml3i-3bbdjshpw5ov0rwa8xe08tp97-cayct4cirf7n0f9z1xsg84g0q-dktkawxk7k8pixuh5g8z5ku32-213zbp2wzp99lviwl8g2cvq6i-1lknwtftishpdmobzm413yc7u-bcxa0v9ke411pjpmz4s239f9b-3ti7256qpio9gkb1m7ftci4rt-c6ct0moql4p4ngtzltmf8l3ly-2s77lcl0ztx2c5fzyqvglptj1-bn7x20my6ejwhlgl10oqmhgst-8h514j3fiwnzuwkt66sbxsu8f-di2z9sra5co9la7ogqyesywin, line 53: TypeError: c is null
1507208885586	Marionette	DEBUG	Received DOM event "DOMContentLoaded" for "https://www.linkedin.com/jobs/?trk=jobs-home-jobsfe-redirect"
1507208886247	Marionette	DEBUG	Received DOM event "pageshow" for "https://www.linkedin.com/jobs/?trk=jobs-home-jobsfe-redirect"
JavaScript warning: resource://gre/modules/commonjs/toolkit/loader.js -> resource://devtools/client/shared/demangle.js, line 0: Successfully compiled asm.js code (total compilation time 77ms; unable to cache asm.js in synchronous scripts; try loading asm.js via <script async> or createElement('script'))
1507208926622	Marionette	DEBUG	Register listener.js for window 4294967297
2017-10-05 09:08:46.701 plugin-container[1351:50323] *** CFMessagePort: bootstrap_register(): failed 1100 (0x44c) 'Permission denied', port = 0x9d3f, name = 'com.apple.tsm.portname'
See /usr/include/servers/bootstrap_defs.h for the error codes.
2017-10-05 09:08:46.703 plugin-container[1351:50323] *** CFMessagePort: bootstrap_register(): failed 1100 (0x44c) 'Permission denied', port = 0x533f, name = 'com.apple.CFPasteboardClient'
See /usr/include/servers/bootstrap_defs.h for the error codes.
2017-10-05 09:08:46.703 plugin-container[1351:50323] void __CFPasteboardSetup() : Failed to allocate communication port for com.apple.CFPasteboardClient; this is likely due to sandbox restrictions
1507208933436	Marionette	DEBUG	Register listener.js for window 4294967326
console.error: 
  Protocol error (noSuchActor): No such actor for ID: server1.conn0.child1/memoryActor12
JavaScript error: resource://gre/modules/commonjs/toolkit/loader.js -> resource://devtools/client/netmonitor/src/connector/firefox-connector.js, line 92: TypeError: this.tabTarget is null
1507209333647	geckodriver	INFO	geckodriver 0.19.0
1507209333652	geckodriver	INFO	Listening on 127.0.0.1:57168
1507209334714	mozrunner::runner	INFO	Running command: "/Applications/Firefox.app/Contents/MacOS/firefox-bin" "-marionette" "-profile" "/var/folders/lz/3x9qb2zx0g3d7_mqr6sjwwbw0000gn/T/rust_mozprofile.Q0kjSz4Qz3xD"
1507209334983	addons.xpi	WARN	Error parsing extensions state: [Exception... "Component returned failure code: 0x80520012 (NS_ERROR_FILE_NOT_FOUND) [amIAddonManagerStartup.readStartupData]"  nsresult: "0x80520012 (NS_ERROR_FILE_NOT_FOUND)"  location: "JS frame :: resource://gre/modules/addons/XPIProvider.jsm :: loadExtensionState :: line 1554"  data: no] Stack trace: loadExtensionState()@resource://gre/modules/addons/XPIProvider.jsm:1554 < getInstallState()@resource://gre/modules/addons/XPIProvider.jsm:1589 < checkForChanges()@resource://gre/modules/addons/XPIProvider.jsm:3109 < startup()@resource://gre/modules/addons/XPIProvider.jsm:2188 < callProvider()@resource://gre/modules/AddonManager.jsm:269 < _startProvider()@resource://gre/modules/AddonManager.jsm:739 < startup()@resource://gre/modules/AddonManager.jsm:906 < startup()@resource://gre/modules/AddonManager.jsm:3090 < observe()@jar:file:///Applications/Firefox.app/Contents/Resources/omni.ja!/components/addonManager.js:65
1507209335314	Marionette	INFO	Enabled via --marionette
2017-10-05 09:15:36.367 plugin-container[1462:56067] *** CFMessagePort: bootstrap_register(): failed 1100 (0x44c) 'Permission denied', port = 0x9f3f, name = 'com.apple.tsm.portname'
See /usr/include/servers/bootstrap_defs.h for the error codes.
2017-10-05 09:15:36.368 plugin-container[1462:56067] *** CFMessagePort: bootstrap_register(): failed 1100 (0x44c) 'Permission denied', port = 0x5217, name = 'com.apple.CFPasteboardClient'
See /usr/include/servers/bootstrap_defs.h for the error codes.
2017-10-05 09:15:36.368 plugin-container[1462:56067] void __CFPasteboardSetup() : Failed to allocate communication port for com.apple.CFPasteboardClient; this is likely due to sandbox restrictions
1507209336689	Marionette	INFO	Listening on port 57179
1507209336796	Marionette	WARN	TLS certificate errors will be ignored for this session
1507209336840	Marionette	DEBUG	Register listener.js for window 2147483649
1507209336860	Marionette	DEBUG	Received DOM event "beforeunload" for "about:blank"
1507209337266	Marionette	DEBUG	Received DOM event "pagehide" for "about:blank"
1507209337266	Marionette	DEBUG	Received DOM event "unload" for "about:blank"
JavaScript error: https://static.licdn.com/scds/concat/common/js?h=3kp2aedn5pmamdr4dk4n8atur-3ti5bgrnb6idjtk0w4chaigxe-5hqr1i1uoezoj0z1s5gcxojf2-71o37tcjwl0ishto9izvyml3i-3bbdjshpw5ov0rwa8xe08tp97-cayct4cirf7n0f9z1xsg84g0q-dktkawxk7k8pixuh5g8z5ku32-213zbp2wzp99lviwl8g2cvq6i-1lknwtftishpdmobzm413yc7u-bcxa0v9ke411pjpmz4s239f9b-3ti7256qpio9gkb1m7ftci4rt-c6ct0moql4p4ngtzltmf8l3ly-2s77lcl0ztx2c5fzyqvglptj1-bn7x20my6ejwhlgl10oqmhgst-8h514j3fiwnzuwkt66sbxsu8f-di2z9sra5co9la7ogqyesywin, line 53: TypeError: c is null
1507209337848	Marionette	DEBUG	Received DOM event "DOMContentLoaded" for "https://www.linkedin.com/jobs/?trk=jobs-home-jobsfe-redirect"
1507209338720	Marionette	DEBUG	Received DOM event "pageshow" for "https://www.linkedin.com/jobs/?trk=jobs-home-jobsfe-redirect"
*** UTM:SVC TimerManager:registerTimer called after profile-before-change notification. Ignoring timer registration for id: telemetry_modules_ping
1507216461443	geckodriver	INFO	geckodriver 0.19.0
1507216461459	geckodriver	INFO	Listening on 127.0.0.1:51979
1507216462527	mozrunner::runner	INFO	Running command: "/Applications/Firefox.app/Contents/MacOS/firefox-bin" "-marionette" "-profile" "/var/folders/lz/3x9qb2zx0g3d7_mqr6sjwwbw0000gn/T/rust_mozprofile.SPaZy1Sub4s1"
1507216463027	addons.xpi	WARN	Error parsing extensions state: [Exception... "Component returned failure code: 0x80520012 (NS_ERROR_FILE_NOT_FOUND) [amIAddonManagerStartup.readStartupData]"  nsresult: "0x80520012 (NS_ERROR_FILE_NOT_FOUND)"  location: "JS frame :: resource://gre/modules/addons/XPIProvider.jsm :: loadExtensionState :: line 1554"  data: no] Stack trace: loadExtensionState()@resource://gre/modules/addons/XPIProvider.jsm:1554 < getInstallState()@resource://gre/modules/addons/XPIProvider.jsm:1589 < checkForChanges()@resource://gre/modules/addons/XPIProvider.jsm:3109 < startup()@resource://gre/modules/addons/XPIProvider.jsm:2188 < callProvider()@resource://gre/modules/AddonManager.jsm:269 < _startProvider()@resource://gre/modules/AddonManager.jsm:739 < startup()@resource://gre/modules/AddonManager.jsm:906 < startup()@resource://gre/modules/AddonManager.jsm:3090 < observe()@jar:file:///Applications/Firefox.app/Contents/Resources/omni.ja!/components/addonManager.js:65
1507216463438	Marionette	INFO	Enabled via --marionette
2017-10-05 11:14:24.589 plugin-container[2724:120798] *** CFMessagePort: bootstrap_register(): failed 1100 (0x44c) 'Permission denied', port = 0x9f3f, name = 'com.apple.tsm.portname'
See /usr/include/servers/bootstrap_defs.h for the error codes.
2017-10-05 11:14:24.589 plugin-container[2724:120798] *** CFMessagePort: bootstrap_register(): failed 1100 (0x44c) 'Permission denied', port = 0xa113, name = 'com.apple.CFPasteboardClient'
See /usr/include/servers/bootstrap_defs.h for the error codes.
2017-10-05 11:14:24.589 plugin-container[2724:120798] void __CFPasteboardSetup() : Failed to allocate communication port for com.apple.CFPasteboardClient; this is likely due to sandbox restrictions
1507216465187	Marionette	INFO	Listening on port 51986
1507216465247	Marionette	WARN	TLS certificate errors will be ignored for this session
1507216465320	Marionette	DEBUG	Register listener.js for window 2147483649
1507216465365	Marionette	DEBUG	Received DOM event "beforeunload" for "about:blank"
1507216465843	Marionette	DEBUG	Received DOM event "pagehide" for "about:blank"
1507216465844	Marionette	DEBUG	Received DOM event "unload" for "about:blank"
JavaScript error: https://static.licdn.com/scds/concat/common/js?h=3kp2aedn5pmamdr4dk4n8atur-3ti5bgrnb6idjtk0w4chaigxe-5hqr1i1uoezoj0z1s5gcxojf2-71o37tcjwl0ishto9izvyml3i-3bbdjshpw5ov0rwa8xe08tp97-cayct4cirf7n0f9z1xsg84g0q-dktkawxk7k8pixuh5g8z5ku32-213zbp2wzp99lviwl8g2cvq6i-1lknwtftishpdmobzm413yc7u-bcxa0v9ke411pjpmz4s239f9b-3ti7256qpio9gkb1m7ftci4rt-c6ct0moql4p4ngtzltmf8l3ly-2s77lcl0ztx2c5fzyqvglptj1-bn7x20my6ejwhlgl10oqmhgst-8h514j3fiwnzuwkt66sbxsu8f-di2z9sra5co9la7ogqyesywin, line 53: TypeError: c is null
1507216466366	Marionette	DEBUG	Received DOM event "DOMContentLoaded" for "https://www.linkedin.com/jobs/?trk=jobs-home-jobsfe-redirect"
1507216467059	Marionette	DEBUG	Received DOM event "pageshow" for "https://www.linkedin.com/jobs/?trk=jobs-home-jobsfe-redirect"
*** UTM:SVC TimerManager:registerTimer called after profile-before-change notification. Ignoring timer registration for id: telemetry_modules_ping
1507216527870	geckodriver	INFO	geckodriver 0.19.0
1507216527877	geckodriver	INFO	Listening on 127.0.0.1:52217
1507216528953	mozrunner::runner	INFO	Running command: "/Applications/Firefox.app/Contents/MacOS/firefox-bin" "-marionette" "-profile" "/var/folders/lz/3x9qb2zx0g3d7_mqr6sjwwbw0000gn/T/rust_mozprofile.kERGIsHqBrLd"
1507216529285	addons.xpi	WARN	Error parsing extensions state: [Exception... "Component returned failure code: 0x80520012 (NS_ERROR_FILE_NOT_FOUND) [amIAddonManagerStartup.readStartupData]"  nsresult: "0x80520012 (NS_ERROR_FILE_NOT_FOUND)"  location: "JS frame :: resource://gre/modules/addons/XPIProvider.jsm :: loadExtensionState :: line 1554"  data: no] Stack trace: loadExtensionState()@resource://gre/modules/addons/XPIProvider.jsm:1554 < getInstallState()@resource://gre/modules/addons/XPIProvider.jsm:1589 < checkForChanges()@resource://gre/modules/addons/XPIProvider.jsm:3109 < startup()@resource://gre/modules/addons/XPIProvider.jsm:2188 < callProvider()@resource://gre/modules/AddonManager.jsm:269 < _startProvider()@resource://gre/modules/AddonManager.jsm:739 < startup()@resource://gre/modules/AddonManager.jsm:906 < startup()@resource://gre/modules/AddonManager.jsm:3090 < observe()@jar:file:///Applications/Firefox.app/Contents/Resources/omni.ja!/components/addonManager.js:65
1507216529717	Marionette	INFO	Enabled via --marionette
2017-10-05 11:15:30.739 plugin-container[2761:122010] *** CFMessagePort: bootstrap_register(): failed 1100 (0x44c) 'Permission denied', port = 0x9f3f, name = 'com.apple.tsm.portname'
See /usr/include/servers/bootstrap_defs.h for the error codes.
2017-10-05 11:15:30.740 plugin-container[2761:122010] *** CFMessagePort: bootstrap_register(): failed 1100 (0x44c) 'Permission denied', port = 0x5223, name = 'com.apple.CFPasteboardClient'
See /usr/include/servers/bootstrap_defs.h for the error codes.
2017-10-05 11:15:30.740 plugin-container[2761:122010] void __CFPasteboardSetup() : Failed to allocate communication port for com.apple.CFPasteboardClient; this is likely due to sandbox restrictions
1507216531386	Marionette	INFO	Listening on port 52224
1507216531457	Marionette	WARN	TLS certificate errors will be ignored for this session
1507216531504	Marionette	DEBUG	Register listener.js for window 2147483649
1507216531531	Marionette	DEBUG	Received DOM event "beforeunload" for "about:blank"
1507216531995	Marionette	DEBUG	Received DOM event "pagehide" for "about:blank"
1507216531996	Marionette	DEBUG	Received DOM event "unload" for "about:blank"
JavaScript error: https://static.licdn.com/scds/concat/common/js?h=3kp2aedn5pmamdr4dk4n8atur-3ti5bgrnb6idjtk0w4chaigxe-5hqr1i1uoezoj0z1s5gcxojf2-71o37tcjwl0ishto9izvyml3i-3bbdjshpw5ov0rwa8xe08tp97-cayct4cirf7n0f9z1xsg84g0q-dktkawxk7k8pixuh5g8z5ku32-213zbp2wzp99lviwl8g2cvq6i-1lknwtftishpdmobzm413yc7u-bcxa0v9ke411pjpmz4s239f9b-3ti7256qpio9gkb1m7ftci4rt-c6ct0moql4p4ngtzltmf8l3ly-2s77lcl0ztx2c5fzyqvglptj1-bn7x20my6ejwhlgl10oqmhgst-8h514j3fiwnzuwkt66sbxsu8f-di2z9sra5co9la7ogqyesywin, line 53: TypeError: c is null
1507216532484	Marionette	DEBUG	Received DOM event "DOMContentLoaded" for "https://www.linkedin.com/jobs/?trk=jobs-home-jobsfe-redirect"
1507216532967	Marionette	DEBUG	Received DOM event "pageshow" for "https://www.linkedin.com/jobs/?trk=jobs-home-jobsfe-redirect"
*** UTM:SVC TimerManager:registerTimer called after profile-before-change notification. Ignoring timer registration for id: telemetry_modules_ping
1507645537421	geckodriver	INFO	geckodriver 0.19.0
1507645537432	geckodriver	INFO	Listening on 127.0.0.1:60789
1507645538522	mozrunner::runner	INFO	Running command: "/Applications/Firefox.app/Contents/MacOS/firefox-bin" "-marionette" "-profile" "/var/folders/lz/3x9qb2zx0g3d7_mqr6sjwwbw0000gn/T/rust_mozprofile.EBWMv5v0N9fL"
1507645539022	addons.xpi	WARN	Error parsing extensions state: [Exception... "Component returned failure code: 0x80520012 (NS_ERROR_FILE_NOT_FOUND) [amIAddonManagerStartup.readStartupData]"  nsresult: "0x80520012 (NS_ERROR_FILE_NOT_FOUND)"  location: "JS frame :: resource://gre/modules/addons/XPIProvider.jsm :: loadExtensionState :: line 1554"  data: no] Stack trace: loadExtensionState()@resource://gre/modules/addons/XPIProvider.jsm:1554 < getInstallState()@resource://gre/modules/addons/XPIProvider.jsm:1589 < checkForChanges()@resource://gre/modules/addons/XPIProvider.jsm:3109 < startup()@resource://gre/modules/addons/XPIProvider.jsm:2188 < callProvider()@resource://gre/modules/AddonManager.jsm:269 < _startProvider()@resource://gre/modules/AddonManager.jsm:739 < startup()@resource://gre/modules/AddonManager.jsm:906 < startup()@resource://gre/modules/AddonManager.jsm:3090 < observe()@jar:file:///Applications/Firefox.app/Contents/Resources/omni.ja!/components/addonManager.js:65
1507645539537	Marionette	INFO	Enabled via --marionette
2017-10-10 10:25:40.807 plugin-container[20797:1052422] *** CFMessagePort: bootstrap_register(): failed 1100 (0x44c) 'Permission denied', port = 0x9f3f, name = 'com.apple.tsm.portname'
See /usr/include/servers/bootstrap_defs.h for the error codes.
2017-10-10 10:25:40.808 plugin-container[20797:1052422] *** CFMessagePort: bootstrap_register(): failed 1100 (0x44c) 'Permission denied', port = 0x5307, name = 'com.apple.CFPasteboardClient'
See /usr/include/servers/bootstrap_defs.h for the error codes.
2017-10-10 10:25:40.808 plugin-container[20797:1052422] void __CFPasteboardSetup() : Failed to allocate communication port for com.apple.CFPasteboardClient; this is likely due to sandbox restrictions
1507645541365	Marionette	INFO	Listening on port 60802
1507645541394	Marionette	WARN	TLS certificate errors will be ignored for this session
1507645541467	Marionette	DEBUG	Register listener.js for window 2147483649
1507645541532	Marionette	DEBUG	Received DOM event "beforeunload" for "about:blank"
1507645542195	Marionette	DEBUG	Received DOM event "pagehide" for "about:blank"
1507645542195	Marionette	DEBUG	Received DOM event "unload" for "about:blank"
JavaScript error: https://static.licdn.com/scds/concat/common/js?h=3kp2aedn5pmamdr4dk4n8atur-3ti5bgrnb6idjtk0w4chaigxe-5hqr1i1uoezoj0z1s5gcxojf2-71o37tcjwl0ishto9izvyml3i-3bbdjshpw5ov0rwa8xe08tp97-cayct4cirf7n0f9z1xsg84g0q-dktkawxk7k8pixuh5g8z5ku32-213zbp2wzp99lviwl8g2cvq6i-1lknwtftishpdmobzm413yc7u-bcxa0v9ke411pjpmz4s239f9b-3ti7256qpio9gkb1m7ftci4rt-c6ct0moql4p4ngtzltmf8l3ly-2s77lcl0ztx2c5fzyqvglptj1-bn7x20my6ejwhlgl10oqmhgst-8h514j3fiwnzuwkt66sbxsu8f-di2z9sra5co9la7ogqyesywin, line 53: TypeError: c is null
1507645543057	Marionette	DEBUG	Received DOM event "DOMContentLoaded" for "https://www.linkedin.com/jobs/?trk=jobs-home-jobsfe-redirect"
1507645547602	Marionette	DEBUG	Received DOM event "pageshow" for "https://www.linkedin.com/jobs/?trk=jobs-home-jobsfe-redirect"
*** UTM:SVC TimerManager:registerTimer called after profile-before-change notification. Ignoring timer registration for id: telemetry_modules_ping
1507646296880	geckodriver	INFO	geckodriver 0.19.0
1507646296888	geckodriver	INFO	Listening on 127.0.0.1:64012
1507646298035	mozrunner::runner	INFO	Running command: "/Applications/Firefox.app/Contents/MacOS/firefox-bin" "-marionette" "-profile" "/var/folders/lz/3x9qb2zx0g3d7_mqr6sjwwbw0000gn/T/rust_mozprofile.dN9yl5xxRHGR"
1507646298287	addons.xpi	WARN	Error parsing extensions state: [Exception... "Component returned failure code: 0x80520012 (NS_ERROR_FILE_NOT_FOUND) [amIAddonManagerStartup.readStartupData]"  nsresult: "0x80520012 (NS_ERROR_FILE_NOT_FOUND)"  location: "JS frame :: resource://gre/modules/addons/XPIProvider.jsm :: loadExtensionState :: line 1554"  data: no] Stack trace: loadExtensionState()@resource://gre/modules/addons/XPIProvider.jsm:1554 < getInstallState()@resource://gre/modules/addons/XPIProvider.jsm:1589 < checkForChanges()@resource://gre/modules/addons/XPIProvider.jsm:3109 < startup()@resource://gre/modules/addons/XPIProvider.jsm:2188 < callProvider()@resource://gre/modules/AddonManager.jsm:269 < _startProvider()@resource://gre/modules/AddonManager.jsm:739 < startup()@resource://gre/modules/AddonManager.jsm:906 < startup()@resource://gre/modules/AddonManager.jsm:3090 < observe()@jar:file:///Applications/Firefox.app/Contents/Resources/omni.ja!/components/addonManager.js:65
1507646298631	Marionette	INFO	Enabled via --marionette
2017-10-10 10:38:19.677 plugin-container[21076:1062145] *** CFMessagePort: bootstrap_register(): failed 1100 (0x44c) 'Permission denied', port = 0x9f3f, name = 'com.apple.tsm.portname'
See /usr/include/servers/bootstrap_defs.h for the error codes.
2017-10-10 10:38:19.678 plugin-container[21076:1062145] *** CFMessagePort: bootstrap_register(): failed 1100 (0x44c) 'Permission denied', port = 0xa04b, name = 'com.apple.CFPasteboardClient'
See /usr/include/servers/bootstrap_defs.h for the error codes.
2017-10-10 10:38:19.678 plugin-container[21076:1062145] void __CFPasteboardSetup() : Failed to allocate communication port for com.apple.CFPasteboardClient; this is likely due to sandbox restrictions
1507646300036	Marionette	INFO	Listening on port 64020
1507646300134	Marionette	WARN	TLS certificate errors will be ignored for this session
1507646300179	Marionette	DEBUG	Register listener.js for window 2147483649
1507646300197	Marionette	DEBUG	Received DOM event "beforeunload" for "about:blank"
1507646300795	Marionette	DEBUG	Received DOM event "pagehide" for "about:blank"
1507646300795	Marionette	DEBUG	Received DOM event "unload" for "about:blank"
JavaScript error: https://static.licdn.com/scds/concat/common/js?h=3kp2aedn5pmamdr4dk4n8atur-3ti5bgrnb6idjtk0w4chaigxe-5hqr1i1uoezoj0z1s5gcxojf2-71o37tcjwl0ishto9izvyml3i-3bbdjshpw5ov0rwa8xe08tp97-cayct4cirf7n0f9z1xsg84g0q-dktkawxk7k8pixuh5g8z5ku32-213zbp2wzp99lviwl8g2cvq6i-1lknwtftishpdmobzm413yc7u-bcxa0v9ke411pjpmz4s239f9b-3ti7256qpio9gkb1m7ftci4rt-c6ct0moql4p4ngtzltmf8l3ly-2s77lcl0ztx2c5fzyqvglptj1-bn7x20my6ejwhlgl10oqmhgst-8h514j3fiwnzuwkt66sbxsu8f-di2z9sra5co9la7ogqyesywin, line 53: TypeError: c is null
1507646301388	Marionette	DEBUG	Received DOM event "DOMContentLoaded" for "https://www.linkedin.com/jobs/?trk=jobs-home-jobsfe-redirect"
1507646302251	Marionette	DEBUG	Received DOM event "pageshow" for "https://www.linkedin.com/jobs/?trk=jobs-home-jobsfe-redirect"
1507646302787	Marionette	DEBUG	Canceled page load listener because no navigation has been detected
